<?xml version="1.0" ?>
<!DOCTYPE coverage SYSTEM "http://cobertura.sourceforge.net/xml/coverage-04.dtd">
<coverage lines-valid="4095" lines-covered="3510" line-rate="0.8571" branches-valid="1358" branches-covered="812" branch-rate="0.5979" timestamp="1581673969730" complexity="0" version="0.1">
  <sources>
    <source>D:\Jenkins\Midmarket-New-Build_Hermes_0\Core\Client\ui</source>
  </sources>
  <packages>
    <package name="src" line-rate="0.8462000000000001" branch-rate="0.16670000000000001">
      <classes>
        <class name="polyfills.ts" filename="src\polyfills.ts" line-rate="0.7692" branch-rate="0.16670000000000001">
          <methods>
            <method name="(anonymous_0)" hits="1" signature="()V">
              <lines>
                <line number="23" hits="1"/>
              </lines>
            </method>
            <method name="setProtoOf" hits="0" signature="()V">
              <lines>
                <line number="28" hits="0"/>
              </lines>
            </method>
            <method name="mixinProperties" hits="0" signature="()V">
              <lines>
                <line number="34" hits="0"/>
              </lines>
            </method>
          </methods>
          <lines>
            <line number="23" hits="1" branch="false"/>
            <line number="24" hits="1" branch="false"/>
            <line number="29" hits="0" branch="false"/>
            <line number="30" hits="0" branch="false"/>
            <line number="35" hits="0" branch="false"/>
            <line number="36" hits="0" branch="true" condition-coverage="0% (0/2)"/>
            <line number="37" hits="0" branch="false"/>
            <line number="40" hits="0" branch="false"/>
            <line number="44" hits="1" branch="false"/>
            <line number="45" hits="1" branch="false"/>
            <line number="46" hits="1" branch="false"/>
            <line number="47" hits="1" branch="false"/>
            <line number="48" hits="1" branch="false"/>
            <line number="49" hits="1" branch="false"/>
            <line number="50" hits="1" branch="false"/>
            <line number="51" hits="1" branch="false"/>
            <line number="52" hits="1" branch="false"/>
            <line number="53" hits="1" branch="false"/>
            <line number="54" hits="1" branch="false"/>
            <line number="55" hits="1" branch="false"/>
            <line number="56" hits="1" branch="false"/>
            <line number="57" hits="1" branch="false"/>
            <line number="63" hits="1" branch="false"/>
            <line number="66" hits="1" branch="false"/>
            <line number="67" hits="1" branch="false"/>
            <line number="78" hits="1" branch="false"/>
          </lines>
        </class>
        <class name="test.ts" filename="src\test.ts" line-rate="1" branch-rate="1">
          <methods>
            <method name="(anonymous_0)" hits="1" signature="()V">
              <lines>
                <line number="20" hits="1"/>
              </lines>
            </method>
          </methods>
          <lines>
            <line number="3" hits="1" branch="false"/>
            <line number="4" hits="1" branch="false"/>
            <line number="5" hits="1" branch="false"/>
            <line number="6" hits="1" branch="false"/>
            <line number="7" hits="1" branch="false"/>
            <line number="8" hits="1" branch="false"/>
            <line number="9" hits="1" branch="false"/>
            <line number="10" hits="1" branch="false"/>
            <line number="20" hits="1" branch="false"/>
            <line number="23" hits="1" branch="false"/>
            <line number="28" hits="1" branch="false"/>
            <line number="30" hits="1" branch="false"/>
            <line number="32" hits="1" branch="false"/>
          </lines>
        </class>
      </classes>
    </package>
    <package name="src.app" line-rate="0.9848" branch-rate="0.88">
      <classes>
        <class name="app.component.ts" filename="src\app\app.component.ts" line-rate="0.9848" branch-rate="0.88">
          <methods>
            <method name="(anonymous_3)" hits="1" signature="()V">
              <lines>
                <line number="33" hits="1"/>
              </lines>
            </method>
            <method name="AppComponent" hits="16" signature="()V">
              <lines>
                <line number="42" hits="16"/>
              </lines>
            </method>
            <method name="dispatchAction" hits="1" signature="()V">
              <lines>
                <line number="53" hits="1"/>
              </lines>
            </method>
            <method name="(anonymous_6)" hits="3" signature="()V">
              <lines>
                <line number="57" hits="3"/>
              </lines>
            </method>
            <method name="(anonymous_7)" hits="12" signature="()V">
              <lines>
                <line number="69" hits="12"/>
              </lines>
            </method>
            <method name="(anonymous_8)" hits="10" signature="()V">
              <lines>
                <line number="75" hits="10"/>
              </lines>
            </method>
            <method name="(anonymous_9)" hits="6" signature="()V">
              <lines>
                <line number="81" hits="6"/>
              </lines>
            </method>
            <method name="(anonymous_10)" hits="3" signature="()V">
              <lines>
                <line number="90" hits="3"/>
              </lines>
            </method>
            <method name="(anonymous_11)" hits="13" signature="()V">
              <lines>
                <line number="98" hits="13"/>
              </lines>
            </method>
            <method name="(anonymous_12)" hits="4" signature="()V">
              <lines>
                <line number="101" hits="4"/>
              </lines>
            </method>
            <method name="(anonymous_13)" hits="16" signature="()V">
              <lines>
                <line number="110" hits="16"/>
              </lines>
            </method>
            <method name="(anonymous_14)" hits="5" signature="()V">
              <lines>
                <line number="117" hits="5"/>
              </lines>
            </method>
            <method name="(anonymous_15)" hits="6" signature="()V">
              <lines>
                <line number="123" hits="6"/>
              </lines>
            </method>
            <method name="(anonymous_16)" hits="8" signature="()V">
              <lines>
                <line number="129" hits="8"/>
              </lines>
            </method>
            <method name="(anonymous_17)" hits="2" signature="()V">
              <lines>
                <line number="140" hits="2"/>
              </lines>
            </method>
          </methods>
          <lines>
            <line number="1" hits="1" branch="false"/>
            <line number="2" hits="1" branch="false"/>
            <line number="3" hits="1" branch="false"/>
            <line number="6" hits="1" branch="false"/>
            <line number="7" hits="1" branch="false"/>
            <line number="8" hits="1" branch="false"/>
            <line number="9" hits="1" branch="false"/>
            <line number="11" hits="1" branch="false"/>
            <line number="12" hits="1" branch="false"/>
            <line number="13" hits="1" branch="false"/>
            <line number="14" hits="1" branch="false"/>
            <line number="33" hits="1" branch="false"/>
            <line number="34" hits="16" branch="false"/>
            <line number="36" hits="16" branch="true" condition-coverage="50% (1/2)"/>
            <line number="42" hits="16" branch="false"/>
            <line number="43" hits="16" branch="false"/>
            <line number="44" hits="16" branch="false"/>
            <line number="45" hits="16" branch="false"/>
            <line number="46" hits="16" branch="false"/>
            <line number="47" hits="16" branch="false"/>
            <line number="48" hits="16" branch="false"/>
            <line number="50" hits="16" branch="false"/>
            <line number="53" hits="16" branch="false"/>
            <line number="54" hits="1" branch="false"/>
            <line number="57" hits="16" branch="false"/>
            <line number="58" hits="3" branch="true" condition-coverage="100% (2/2)"/>
            <line number="59" hits="2" branch="false"/>
            <line number="60" hits="2" branch="false"/>
            <line number="61" hits="2" branch="false"/>
            <line number="65" hits="16" branch="false"/>
            <line number="69" hits="12" branch="false"/>
            <line number="73" hits="16" branch="false"/>
            <line number="75" hits="10" branch="true" condition-coverage="100% (2/2)"/>
            <line number="77" hits="16" branch="false"/>
            <line number="82" hits="6" branch="true" condition-coverage="100% (3/3)"/>
            <line number="86" hits="16" branch="false"/>
            <line number="87" hits="16" branch="false"/>
            <line number="88" hits="16" branch="false"/>
            <line number="90" hits="3" branch="false"/>
            <line number="91" hits="3" branch="false"/>
            <line number="92" hits="3" branch="true" condition-coverage="100% (4/4)"/>
            <line number="93" hits="2" branch="false"/>
            <line number="98" hits="13" branch="false"/>
            <line number="99" hits="13" branch="false"/>
            <line number="101" hits="13" branch="false"/>
            <line number="102" hits="4" branch="false"/>
            <line number="105" hits="13" branch="true" condition-coverage="50% (1/2)"/>
            <line number="106" hits="0" branch="false"/>
            <line number="110" hits="1" branch="false"/>
            <line number="111" hits="16" branch="false"/>
            <line number="112" hits="16" branch="false"/>
            <line number="113" hits="16" branch="false"/>
            <line number="114" hits="16" branch="false"/>
            <line number="117" hits="1" branch="false"/>
            <line number="118" hits="5" branch="true" condition-coverage="100% (2/2)"/>
            <line number="119" hits="1" branch="false"/>
            <line number="123" hits="1" branch="false"/>
            <line number="124" hits="6" branch="true" condition-coverage="100% (4/4)"/>
            <line number="125" hits="1" branch="false"/>
            <line number="129" hits="1" branch="false"/>
            <line number="130" hits="8" branch="false"/>
            <line number="134" hits="2" branch="false"/>
            <line number="136" hits="6" branch="false"/>
            <line number="140" hits="1" branch="false"/>
            <line number="141" hits="2" branch="false"/>
            <line number="143" hits="1" branch="false"/>
          </lines>
        </class>
      </classes>
    </package>
    <package name="src.app._core" line-rate="1" branch-rate="1">
      <classes>
        <class name="core.module.ts" filename="src\app\_core\core.module.ts" line-rate="1" branch-rate="1">
          <methods>
            <method name="(anonymous_1)" hits="89" signature="()V">
              <lines>
                <line number="25" hits="89"/>
              </lines>
            </method>
          </methods>
          <lines>
            <line number="1" hits="1" branch="false"/>
            <line number="2" hits="1" branch="false"/>
            <line number="3" hits="1" branch="false"/>
            <line number="4" hits="1" branch="false"/>
            <line number="5" hits="1" branch="false"/>
            <line number="6" hits="1" branch="false"/>
            <line number="7" hits="1" branch="false"/>
            <line number="8" hits="1" branch="false"/>
            <line number="9" hits="1" branch="false"/>
            <line number="10" hits="1" branch="false"/>
            <line number="25" hits="1" branch="false"/>
          </lines>
        </class>
      </classes>
    </package>
    <package name="src.app._core.core-pipes.module" line-rate="1" branch-rate="1">
      <classes>
        <class name="core-pipes.module.ts" filename="src\app\_core\core-pipes.module\core-pipes.module.ts" line-rate="1" branch-rate="1">
          <methods>
            <method name="(anonymous_1)" hits="446" signature="()V">
              <lines>
                <line number="12" hits="446"/>
              </lines>
            </method>
          </methods>
          <lines>
            <line number="1" hits="1" branch="false"/>
            <line number="2" hits="1" branch="false"/>
            <line number="3" hits="1" branch="false"/>
            <line number="4" hits="1" branch="false"/>
            <line number="5" hits="1" branch="false"/>
            <line number="6" hits="1" branch="false"/>
            <line number="12" hits="1" branch="false"/>
          </lines>
        </class>
      </classes>
    </package>
    <package name="src.app._core.middleware" line-rate="0.40740000000000004" branch-rate="0">
      <classes>
        <class name="log-redux-action.middleware.ts" filename="src\app\_core\middleware\log-redux-action.middleware.ts" line-rate="0.44439999999999996" branch-rate="0">
          <methods>
            <method name="(anonymous_2)" hits="1" signature="()V">
              <lines>
                <line number="5" hits="1"/>
              </lines>
            </method>
            <method name="ReduxActionLogger" hits="0" signature="()V">
              <lines>
                <line number="6" hits="0"/>
              </lines>
            </method>
            <method name="(anonymous_4)" hits="0" signature="()V">
              <lines>
                <line number="8" hits="0"/>
              </lines>
            </method>
            <method name="(anonymous_5)" hits="0" signature="()V">
              <lines>
                <line number="8" hits="0"/>
              </lines>
            </method>
            <method name="(anonymous_6)" hits="0" signature="()V">
              <lines>
                <line number="8" hits="0"/>
              </lines>
            </method>
          </methods>
          <lines>
            <line number="1" hits="1" branch="false"/>
            <line number="2" hits="1" branch="false"/>
            <line number="5" hits="1" branch="false"/>
            <line number="6" hits="0" branch="false"/>
            <line number="8" hits="0" branch="false"/>
            <line number="9" hits="0" branch="true" condition-coverage="0% (0/2)"/>
            <line number="10" hits="0" branch="false"/>
            <line number="12" hits="0" branch="false"/>
            <line number="14" hits="1" branch="false"/>
          </lines>
        </class>
        <class name="request-close-confirm.middleware.ts" filename="src\app\_core\middleware\request-close-confirm.middleware.ts" line-rate="0.3889" branch-rate="0">
          <methods>
            <method name="(anonymous_2)" hits="1" signature="()V">
              <lines>
                <line number="9" hits="1"/>
              </lines>
            </method>
            <method name="RequestConfirmationCloseHandler" hits="0" signature="()V">
              <lines>
                <line number="10" hits="0"/>
              </lines>
            </method>
            <method name="(anonymous_4)" hits="0" signature="()V">
              <lines>
                <line number="16" hits="0"/>
              </lines>
            </method>
            <method name="(anonymous_5)" hits="0" signature="()V">
              <lines>
                <line number="16" hits="0"/>
              </lines>
            </method>
            <method name="(anonymous_6)" hits="0" signature="()V">
              <lines>
                <line number="16" hits="0"/>
              </lines>
            </method>
            <method name="(anonymous_7)" hits="0" signature="()V">
              <lines>
                <line number="21" hits="0"/>
              </lines>
            </method>
          </methods>
          <lines>
            <line number="1" hits="1" branch="false"/>
            <line number="2" hits="1" branch="false"/>
            <line number="3" hits="1" branch="false"/>
            <line number="5" hits="1" branch="false"/>
            <line number="6" hits="1" branch="false"/>
            <line number="9" hits="1" branch="false"/>
            <line number="10" hits="0" branch="false"/>
            <line number="11" hits="0" branch="false"/>
            <line number="12" hits="0" branch="false"/>
            <line number="13" hits="0" branch="false"/>
            <line number="16" hits="0" branch="false"/>
            <line number="17" hits="0" branch="true" condition-coverage="0% (0/2)"/>
            <line number="18" hits="0" branch="false"/>
            <line number="22" hits="0" branch="true" condition-coverage="0% (0/2)"/>
            <line number="23" hits="0" branch="false"/>
            <line number="25" hits="0" branch="false"/>
            <line number="29" hits="0" branch="false"/>
            <line number="31" hits="1" branch="false"/>
          </lines>
        </class>
      </classes>
    </package>
    <package name="src.app._core.pipes" line-rate="0.9779000000000001" branch-rate="0.9473999999999999">
      <classes>
        <class name="bytes-format.pipe.ts" filename="src\app\_core\pipes\bytes-format.pipe.ts" line-rate="1" branch-rate="1">
          <methods>
            <method name="(anonymous_2)" hits="1" signature="()V">
              <lines>
                <line number="8" hits="1"/>
              </lines>
            </method>
            <method name="BytesFormatPipe" hits="65" signature="()V">
              <lines>
                <line number="10" hits="65"/>
              </lines>
            </method>
            <method name="(anonymous_4)" hits="40" signature="()V">
              <lines>
                <line number="12" hits="40"/>
              </lines>
            </method>
          </methods>
          <lines>
            <line number="1" hits="1" branch="false"/>
            <line number="2" hits="1" branch="false"/>
            <line number="3" hits="1" branch="false"/>
            <line number="8" hits="1" branch="false"/>
            <line number="9" hits="65" branch="false"/>
            <line number="10" hits="65" branch="false"/>
            <line number="12" hits="53" branch="true" condition-coverage="100% (2/2)"/>
            <line number="13" hits="40" branch="true" condition-coverage="100% (5/5)"/>
            <line number="14" hits="15" branch="false"/>
            <line number="17" hits="25" branch="true" condition-coverage="100% (2/2)"/>
            <line number="18" hits="1" branch="false"/>
            <line number="21" hits="24" branch="true" condition-coverage="100% (2/2)"/>
            <line number="22" hits="5" branch="false"/>
            <line number="24" hits="5" branch="false"/>
            <line number="27" hits="19" branch="false"/>
            <line number="28" hits="19" branch="true" condition-coverage="100% (2/2)"/>
            <line number="29" hits="13" branch="false"/>
            <line number="31" hits="19" branch="true" condition-coverage="100% (2/2)"/>
            <line number="32" hits="5" branch="false"/>
            <line number="39" hits="14" branch="false"/>
            <line number="40" hits="14" branch="true" condition-coverage="100% (2/2)"/>
            <line number="41" hits="1" branch="false"/>
            <line number="43" hits="14" branch="true" condition-coverage="100% (2/2)"/>
            <line number="44" hits="12" branch="false"/>
            <line number="51" hits="2" branch="false"/>
            <line number="52" hits="2" branch="false"/>
            <line number="58" hits="1" branch="false"/>
          </lines>
        </class>
        <class name="date-format.pipe.ts" filename="src\app\_core\pipes\date-format.pipe.ts" line-rate="1" branch-rate="1">
          <methods>
            <method name="(anonymous_2)" hits="1" signature="()V">
              <lines>
                <line number="8" hits="1"/>
              </lines>
            </method>
            <method name="DateFormatPipe" hits="88" signature="()V">
              <lines>
                <line number="9" hits="88"/>
              </lines>
            </method>
            <method name="(anonymous_4)" hits="52" signature="()V">
              <lines>
                <line number="10" hits="52"/>
              </lines>
            </method>
          </methods>
          <lines>
            <line number="1" hits="1" branch="false"/>
            <line number="2" hits="1" branch="false"/>
            <line number="3" hits="1" branch="false"/>
            <line number="8" hits="1" branch="false"/>
            <line number="9" hits="88" branch="false"/>
            <line number="10" hits="1" branch="false"/>
            <line number="12" hits="54" branch="true" condition-coverage="100% (2/2)"/>
            <line number="13" hits="102" branch="true" condition-coverage="100% (2/2)"/>
            <line number="15" hits="52" branch="true" condition-coverage="100% (4/4)"/>
            <line number="16" hits="32" branch="false"/>
            <line number="17" hits="32" branch="true" condition-coverage="100% (2/2)"/>
            <line number="18" hits="2" branch="false"/>
            <line number="20" hits="30" branch="false"/>
            <line number="23" hits="20" branch="false"/>
            <line number="25" hits="1" branch="false"/>
          </lines>
        </class>
        <class name="dom-sanitizer.pipe.ts" filename="src\app\_core\pipes\dom-sanitizer.pipe.ts" line-rate="1" branch-rate="1">
          <methods>
            <method name="(anonymous_2)" hits="1" signature="()V">
              <lines>
                <line number="7" hits="1"/>
              </lines>
            </method>
            <method name="SafeHTMLPipe" hits="5" signature="()V">
              <lines>
                <line number="8" hits="5"/>
              </lines>
            </method>
            <method name="(anonymous_4)" hits="4" signature="()V">
              <lines>
                <line number="10" hits="4"/>
              </lines>
            </method>
          </methods>
          <lines>
            <line number="1" hits="1" branch="false"/>
            <line number="2" hits="1" branch="false"/>
            <line number="7" hits="1" branch="false"/>
            <line number="8" hits="5" branch="false"/>
            <line number="10" hits="1" branch="false"/>
            <line number="11" hits="4" branch="false"/>
            <line number="13" hits="1" branch="false"/>
          </lines>
        </class>
        <class name="file-path-format.pipe.ts" filename="src\app\_core\pipes\file-path-format.pipe.ts" line-rate="1" branch-rate="1">
          <methods>
            <method name="(anonymous_1)" hits="22" signature="()V">
              <lines>
                <line number="3" hits="22"/>
              </lines>
            </method>
            <method name="(anonymous_2)" hits="197" signature="()V">
              <lines>
                <line number="12" hits="197"/>
              </lines>
            </method>
            <method name="(anonymous_4)" hits="35" signature="()V">
              <lines>
                <line number="13" hits="35"/>
              </lines>
            </method>
          </methods>
          <lines>
            <line number="1" hits="1" branch="false"/>
            <line number="3" hits="1" branch="false"/>
            <line number="4" hits="22" branch="false"/>
            <line number="5" hits="22" branch="false"/>
            <line number="6" hits="22" branch="false"/>
            <line number="12" hits="1" branch="false"/>
            <line number="13" hits="58" branch="true" condition-coverage="100% (2/2)"/>
            <line number="15" hits="35" branch="true" condition-coverage="100% (2/2)"/>
            <line number="16" hits="25" branch="false"/>
            <line number="22" hits="10" branch="false"/>
            <line number="24" hits="10" branch="false"/>
            <line number="25" hits="10" branch="false"/>
            <line number="27" hits="10" branch="false"/>
            <line number="28" hits="10" branch="false"/>
            <line number="29" hits="10" branch="false"/>
            <line number="31" hits="10" branch="false"/>
            <line number="34" hits="10" branch="true" condition-coverage="100% (2/2)"/>
            <line number="35" hits="5" branch="false"/>
            <line number="36" hits="5" branch="false"/>
            <line number="37" hits="5" branch="false"/>
            <line number="38" hits="5" branch="false"/>
            <line number="40" hits="5" branch="false"/>
            <line number="41" hits="5" branch="false"/>
            <line number="43" hits="5" branch="false"/>
            <line number="45" hits="5" branch="false"/>
            <line number="46" hits="5" branch="false"/>
            <line number="49" hits="10" branch="false"/>
            <line number="50" hits="10" branch="false"/>
            <line number="51" hits="10" branch="true" condition-coverage="100% (2/2)"/>
            <line number="52" hits="9" branch="false"/>
            <line number="56" hits="10" branch="false"/>
            <line number="58" hits="10" branch="true" condition-coverage="100% (2/2)"/>
            <line number="59" hits="3" branch="false"/>
            <line number="61" hits="3" branch="false"/>
            <line number="62" hits="12" branch="false"/>
            <line number="63" hits="12" branch="false"/>
            <line number="65" hits="12" branch="true" condition-coverage="100% (2/2)"/>
            <line number="67" hits="9" branch="false"/>
            <line number="68" hits="9" branch="false"/>
            <line number="72" hits="3" branch="false"/>
            <line number="74" hits="3" branch="false"/>
            <line number="77" hits="3" branch="false"/>
            <line number="78" hits="3" branch="false"/>
            <line number="79" hits="3" branch="false"/>
            <line number="84" hits="7" branch="true" condition-coverage="100% (2/2)"/>
            <line number="86" hits="4" branch="true" condition-coverage="100% (2/2)"/>
            <line number="88" hits="2" branch="false"/>
            <line number="89" hits="2" branch="false"/>
            <line number="90" hits="2" branch="false"/>
            <line number="91" hits="2" branch="false"/>
            <line number="94" hits="2" branch="false"/>
            <line number="95" hits="2" branch="false"/>
            <line number="96" hits="2" branch="false"/>
            <line number="97" hits="2" branch="false"/>
            <line number="98" hits="2" branch="false"/>
            <line number="99" hits="2" branch="false"/>
            <line number="103" hits="3" branch="false"/>
            <line number="104" hits="3" branch="false"/>
            <line number="105" hits="3" branch="false"/>
            <line number="106" hits="3" branch="false"/>
            <line number="110" hits="10" branch="true" condition-coverage="100% (2/2)"/>
            <line number="111" hits="5" branch="false"/>
            <line number="112" hits="5" branch="true" condition-coverage="100% (4/4)"/>
            <line number="113" hits="3" branch="false"/>
            <line number="115" hits="5" branch="false"/>
            <line number="117" hits="5" branch="false"/>
            <line number="118" hits="5" branch="true" condition-coverage="100% (4/4)"/>
            <line number="119" hits="4" branch="false"/>
            <line number="121" hits="5" branch="false"/>
            <line number="122" hits="5" branch="false"/>
            <line number="125" hits="10" branch="false"/>
            <line number="127" hits="1" branch="false"/>
          </lines>
        </class>
        <class name="number-format.pipe.ts" filename="src\app\_core\pipes\number-format.pipe.ts" line-rate="0.7895" branch-rate="0.5">
          <methods>
            <method name="isES5Splice" hits="27" signature="()V">
              <lines>
                <line number="5" hits="27"/>
              </lines>
            </method>
            <method name="getModifiedDigitsInfo" hits="27" signature="()V">
              <lines>
                <line number="16" hits="27"/>
              </lines>
            </method>
            <method name="(anonymous_3)" hits="1" signature="()V">
              <lines>
                <line number="31" hits="1"/>
              </lines>
            </method>
            <method name="NumberFormatPipe" hits="124" signature="()V">
              <lines>
                <line number="28" hits="124"/>
              </lines>
            </method>
            <method name="(anonymous_5)" hits="31" signature="()V">
              <lines>
                <line number="33" hits="31"/>
              </lines>
            </method>
          </methods>
          <lines>
            <line number="1" hits="1" branch="false"/>
            <line number="2" hits="1" branch="false"/>
            <line number="3" hits="1" branch="false"/>
            <line number="6" hits="27" branch="false"/>
            <line number="16" hits="1" branch="false"/>
            <line number="18" hits="27" branch="false"/>
            <line number="19" hits="27" branch="true" condition-coverage="33.33333333333333% (2/6)"/>
            <line number="20" hits="0" branch="false"/>
            <line number="21" hits="0" branch="false"/>
            <line number="22" hits="0" branch="false"/>
            <line number="23" hits="0" branch="false"/>
            <line number="25" hits="27" branch="false"/>
            <line number="31" hits="1" branch="false"/>
            <line number="32" hits="124" branch="false"/>
            <line number="33" hits="1" branch="false"/>
            <line number="34" hits="31" branch="true" condition-coverage="100% (2/2)"/>
            <line number="35" hits="27" branch="false"/>
            <line number="37" hits="31" branch="false"/>
            <line number="39" hits="1" branch="false"/>
          </lines>
        </class>
        <class name="time-format.pipe.ts" filename="src\app\_core\pipes\time-format.pipe.ts" line-rate="1" branch-rate="0.9688">
          <methods>
            <method name="(anonymous_2)" hits="1" signature="()V">
              <lines>
                <line number="7" hits="1"/>
              </lines>
            </method>
            <method name="TimeFormatPipe" hits="29" signature="()V">
              <lines>
                <line number="8" hits="29"/>
              </lines>
            </method>
            <method name="(anonymous_4)" hits="17" signature="()V">
              <lines>
                <line number="10" hits="17"/>
              </lines>
            </method>
          </methods>
          <lines>
            <line number="1" hits="1" branch="false"/>
            <line number="2" hits="1" branch="false"/>
            <line number="7" hits="1" branch="false"/>
            <line number="8" hits="29" branch="false"/>
            <line number="10" hits="1" branch="false"/>
            <line number="11" hits="17" branch="false"/>
            <line number="12" hits="17" branch="false"/>
            <line number="13" hits="17" branch="false"/>
            <line number="15" hits="17" branch="false"/>
            <line number="16" hits="17" branch="false"/>
            <line number="17" hits="17" branch="false"/>
            <line number="18" hits="17" branch="false"/>
            <line number="20" hits="17" branch="false"/>
            <line number="21" hits="17" branch="false"/>
            <line number="23" hits="17" branch="true" condition-coverage="100% (2/2)"/>
            <line number="25" hits="1" branch="false"/>
            <line number="28" hits="16" branch="true" condition-coverage="100% (2/2)"/>
            <line number="29" hits="1" branch="false"/>
            <line number="32" hits="15" branch="true" condition-coverage="100% (2/2)"/>
            <line number="33" hits="2" branch="true" condition-coverage="100% (2/2)"/>
            <line number="34" hits="1" branch="false"/>
            <line number="36" hits="1" branch="false"/>
            <line number="39" hits="13" branch="true" condition-coverage="100% (2/2)"/>
            <line number="40" hits="6" branch="true" condition-coverage="100% (4/4)"/>
            <line number="41" hits="1" branch="false"/>
            <line number="43" hits="5" branch="true" condition-coverage="100% (4/4)"/>
            <line number="44" hits="1" branch="false"/>
            <line number="46" hits="4" branch="true" condition-coverage="100% (4/4)"/>
            <line number="47" hits="1" branch="false"/>
            <line number="49" hits="3" branch="true" condition-coverage="100% (2/2)"/>
            <line number="50" hits="1" branch="false"/>
            <line number="52" hits="2" branch="true" condition-coverage="100% (2/2)"/>
            <line number="53" hits="1" branch="false"/>
            <line number="55" hits="1" branch="true" condition-coverage="50% (1/2)"/>
            <line number="56" hits="1" branch="false"/>
            <line number="62" hits="7" branch="true" condition-coverage="100% (2/2)"/>
            <line number="63" hits="1" branch="false"/>
            <line number="66" hits="7" branch="true" condition-coverage="100% (2/2)"/>
            <line number="67" hits="1" branch="false"/>
            <line number="69" hits="6" branch="false"/>
            <line number="71" hits="1" branch="false"/>
          </lines>
        </class>
      </classes>
    </package>
    <package name="src.app._core.services" line-rate="0.6496" branch-rate="0.034">
      <classes>
        <class name="backend-communication.service.ts" filename="src\app\_core\services\backend-communication.service.ts" line-rate="0.5568" branch-rate="0.034">
          <methods>
            <method name="(anonymous_2)" hits="1" signature="()V">
              <lines>
                <line number="23" hits="1"/>
              </lines>
            </method>
            <method name="BackendCommunicationService" hits="108" signature="()V">
              <lines>
                <line number="24" hits="108"/>
              </lines>
            </method>
            <method name="(anonymous_4)" hits="31" signature="()V">
              <lines>
                <line number="26" hits="31"/>
              </lines>
            </method>
            <method name="(anonymous_5)" hits="1" signature="()V">
              <lines>
                <line number="48" hits="1"/>
              </lines>
            </method>
            <method name="(anonymous_6)" hits="1" signature="()V">
              <lines>
                <line number="58" hits="1"/>
              </lines>
            </method>
            <method name="(anonymous_7)" hits="1" signature="()V">
              <lines>
                <line number="81" hits="1"/>
              </lines>
            </method>
            <method name="(anonymous_8)" hits="1" signature="()V">
              <lines>
                <line number="91" hits="1"/>
              </lines>
            </method>
            <method name="(anonymous_9)" hits="1" signature="()V">
              <lines>
                <line number="101" hits="1"/>
              </lines>
            </method>
            <method name="(anonymous_10)" hits="2" signature="()V">
              <lines>
                <line number="111" hits="2"/>
              </lines>
            </method>
            <method name="(anonymous_11)" hits="0" signature="()V">
              <lines>
                <line number="121" hits="0"/>
              </lines>
            </method>
            <method name="(anonymous_12)" hits="1" signature="()V">
              <lines>
                <line number="132" hits="1"/>
              </lines>
            </method>
            <method name="(anonymous_13)" hits="1" signature="()V">
              <lines>
                <line number="142" hits="1"/>
              </lines>
            </method>
            <method name="(anonymous_14)" hits="1" signature="()V">
              <lines>
                <line number="156" hits="1"/>
              </lines>
            </method>
            <method name="(anonymous_15)" hits="1" signature="()V">
              <lines>
                <line number="166" hits="1"/>
              </lines>
            </method>
            <method name="(anonymous_16)" hits="1" signature="()V">
              <lines>
                <line number="176" hits="1"/>
              </lines>
            </method>
            <method name="(anonymous_17)" hits="1" signature="()V">
              <lines>
                <line number="189" hits="1"/>
              </lines>
            </method>
            <method name="(anonymous_18)" hits="1" signature="()V">
              <lines>
                <line number="201" hits="1"/>
              </lines>
            </method>
            <method name="(anonymous_19)" hits="1" signature="()V">
              <lines>
                <line number="211" hits="1"/>
              </lines>
            </method>
            <method name="(anonymous_20)" hits="1" signature="()V">
              <lines>
                <line number="221" hits="1"/>
              </lines>
            </method>
            <method name="(anonymous_21)" hits="1" signature="()V">
              <lines>
                <line number="231" hits="1"/>
              </lines>
            </method>
            <method name="(anonymous_22)" hits="5" signature="()V">
              <lines>
                <line number="241" hits="5"/>
              </lines>
            </method>
            <method name="(anonymous_23)" hits="1" signature="()V">
              <lines>
                <line number="251" hits="1"/>
              </lines>
            </method>
            <method name="(anonymous_24)" hits="1" signature="()V">
              <lines>
                <line number="262" hits="1"/>
              </lines>
            </method>
            <method name="(anonymous_25)" hits="0" signature="()V">
              <lines>
                <line number="272" hits="0"/>
              </lines>
            </method>
            <method name="(anonymous_26)" hits="1" signature="()V">
              <lines>
                <line number="282" hits="1"/>
              </lines>
            </method>
            <method name="(anonymous_27)" hits="1" signature="()V">
              <lines>
                <line number="296" hits="1"/>
              </lines>
            </method>
            <method name="(anonymous_28)" hits="1" signature="()V">
              <lines>
                <line number="306" hits="1"/>
              </lines>
            </method>
            <method name="(anonymous_29)" hits="1" signature="()V">
              <lines>
                <line number="316" hits="1"/>
              </lines>
            </method>
            <method name="(anonymous_30)" hits="1" signature="()V">
              <lines>
                <line number="330" hits="1"/>
              </lines>
            </method>
            <method name="(anonymous_31)" hits="1" signature="()V">
              <lines>
                <line number="342" hits="1"/>
              </lines>
            </method>
            <method name="(anonymous_32)" hits="1" signature="()V">
              <lines>
                <line number="353" hits="1"/>
              </lines>
            </method>
            <method name="(anonymous_33)" hits="0" signature="()V">
              <lines>
                <line number="363" hits="0"/>
              </lines>
            </method>
          </methods>
          <lines>
            <line number="1" hits="1" branch="false"/>
            <line number="2" hits="1" branch="false"/>
            <line number="4" hits="1" branch="false"/>
            <line number="23" hits="1" branch="false"/>
            <line number="24" hits="108" branch="false"/>
            <line number="26" hits="1" branch="false"/>
            <line number="27" hits="31" branch="false"/>
            <line number="28" hits="31" branch="true" condition-coverage="50% (1/2)"/>
            <line number="29" hits="31" branch="true" condition-coverage="100% (2/2)"/>
            <line number="30" hits="16" branch="false"/>
            <line number="32" hits="15" branch="false"/>
            <line number="34" hits="0" branch="true" condition-coverage="0% (0/4)"/>
            <line number="35" hits="0" branch="true" condition-coverage="0% (0/2)"/>
            <line number="36" hits="0" branch="false"/>
            <line number="38" hits="0" branch="false"/>
            <line number="41" hits="0" branch="true" condition-coverage="0% (0/4)"/>
            <line number="42" hits="0" branch="false"/>
            <line number="44" hits="0" branch="false"/>
            <line number="48" hits="1" branch="false"/>
            <line number="49" hits="1" branch="false"/>
            <line number="50" hits="1" branch="false"/>
            <line number="52" hits="0" branch="true" condition-coverage="0% (0/4)"/>
            <line number="53" hits="0" branch="false"/>
            <line number="58" hits="1" branch="false"/>
            <line number="59" hits="1" branch="false"/>
            <line number="60" hits="1" branch="false"/>
            <line number="64" hits="1" branch="false"/>
            <line number="66" hits="0" branch="true" condition-coverage="0% (0/4)"/>
            <line number="67" hits="0" branch="true" condition-coverage="0% (0/5)"/>
            <line number="68" hits="0" branch="false"/>
            <line number="69" hits="0" branch="true" condition-coverage="0% (0/4)"/>
            <line number="70" hits="0" branch="false"/>
            <line number="71" hits="0" branch="true" condition-coverage="0% (0/4)"/>
            <line number="73" hits="0" branch="false"/>
            <line number="75" hits="0" branch="false"/>
            <line number="81" hits="1" branch="false"/>
            <line number="82" hits="1" branch="false"/>
            <line number="83" hits="1" branch="false"/>
            <line number="85" hits="0" branch="true" condition-coverage="0% (0/4)"/>
            <line number="86" hits="0" branch="false"/>
            <line number="91" hits="1" branch="false"/>
            <line number="92" hits="1" branch="false"/>
            <line number="93" hits="1" branch="false"/>
            <line number="95" hits="0" branch="true" condition-coverage="0% (0/4)"/>
            <line number="96" hits="0" branch="false"/>
            <line number="101" hits="1" branch="false"/>
            <line number="102" hits="1" branch="false"/>
            <line number="103" hits="1" branch="false"/>
            <line number="105" hits="0" branch="true" condition-coverage="0% (0/4)"/>
            <line number="106" hits="0" branch="false"/>
            <line number="111" hits="1" branch="false"/>
            <line number="112" hits="2" branch="false"/>
            <line number="113" hits="2" branch="false"/>
            <line number="115" hits="0" branch="true" condition-coverage="0% (0/4)"/>
            <line number="116" hits="0" branch="false"/>
            <line number="121" hits="1" branch="false"/>
            <line number="122" hits="0" branch="false"/>
            <line number="123" hits="0" branch="false"/>
            <line number="124" hits="0" branch="false"/>
            <line number="126" hits="0" branch="true" condition-coverage="0% (0/4)"/>
            <line number="127" hits="0" branch="false"/>
            <line number="132" hits="1" branch="false"/>
            <line number="133" hits="1" branch="false"/>
            <line number="134" hits="1" branch="false"/>
            <line number="136" hits="0" branch="true" condition-coverage="0% (0/4)"/>
            <line number="137" hits="0" branch="false"/>
            <line number="142" hits="1" branch="false"/>
            <line number="143" hits="1" branch="false"/>
            <line number="144" hits="1" branch="false"/>
            <line number="146" hits="0" branch="true" condition-coverage="0% (0/4)"/>
            <line number="147" hits="0" branch="false"/>
            <line number="156" hits="1" branch="false"/>
            <line number="157" hits="1" branch="false"/>
            <line number="158" hits="1" branch="false"/>
            <line number="160" hits="0" branch="true" condition-coverage="0% (0/4)"/>
            <line number="161" hits="0" branch="false"/>
            <line number="166" hits="1" branch="false"/>
            <line number="167" hits="1" branch="false"/>
            <line number="168" hits="1" branch="false"/>
            <line number="170" hits="0" branch="true" condition-coverage="0% (0/4)"/>
            <line number="171" hits="0" branch="false"/>
            <line number="176" hits="1" branch="false"/>
            <line number="177" hits="1" branch="false"/>
            <line number="178" hits="1" branch="false"/>
            <line number="180" hits="0" branch="true" condition-coverage="0% (0/4)"/>
            <line number="181" hits="0" branch="false"/>
            <line number="189" hits="1" branch="false"/>
            <line number="190" hits="1" branch="false"/>
            <line number="191" hits="1" branch="false"/>
            <line number="193" hits="0" branch="true" condition-coverage="0% (0/4)"/>
            <line number="194" hits="0" branch="false"/>
            <line number="201" hits="1" branch="false"/>
            <line number="202" hits="1" branch="false"/>
            <line number="203" hits="1" branch="false"/>
            <line number="205" hits="0" branch="true" condition-coverage="0% (0/4)"/>
            <line number="206" hits="0" branch="false"/>
            <line number="211" hits="1" branch="false"/>
            <line number="212" hits="1" branch="false"/>
            <line number="213" hits="1" branch="false"/>
            <line number="215" hits="0" branch="true" condition-coverage="0% (0/4)"/>
            <line number="216" hits="0" branch="false"/>
            <line number="221" hits="2" branch="true" condition-coverage="50% (1/2)"/>
            <line number="222" hits="1" branch="false"/>
            <line number="223" hits="1" branch="false"/>
            <line number="225" hits="0" branch="true" condition-coverage="0% (0/4)"/>
            <line number="226" hits="0" branch="false"/>
            <line number="231" hits="1" branch="false"/>
            <line number="232" hits="1" branch="false"/>
            <line number="233" hits="1" branch="false"/>
            <line number="235" hits="0" branch="true" condition-coverage="0% (0/4)"/>
            <line number="236" hits="0" branch="false"/>
            <line number="241" hits="1" branch="false"/>
            <line number="242" hits="5" branch="false"/>
            <line number="243" hits="5" branch="false"/>
            <line number="245" hits="0" branch="true" condition-coverage="0% (0/4)"/>
            <line number="246" hits="0" branch="false"/>
            <line number="251" hits="1" branch="false"/>
            <line number="252" hits="1" branch="false"/>
            <line number="253" hits="1" branch="false"/>
            <line number="254" hits="1" branch="false"/>
            <line number="256" hits="0" branch="true" condition-coverage="0% (0/4)"/>
            <line number="257" hits="0" branch="false"/>
            <line number="262" hits="1" branch="false"/>
            <line number="263" hits="1" branch="false"/>
            <line number="264" hits="1" branch="false"/>
            <line number="266" hits="0" branch="true" condition-coverage="0% (0/4)"/>
            <line number="267" hits="0" branch="false"/>
            <line number="272" hits="1" branch="false"/>
            <line number="273" hits="0" branch="false"/>
            <line number="274" hits="0" branch="false"/>
            <line number="276" hits="0" branch="true" condition-coverage="0% (0/4)"/>
            <line number="277" hits="0" branch="false"/>
            <line number="282" hits="1" branch="false"/>
            <line number="283" hits="1" branch="false"/>
            <line number="287" hits="1" branch="false"/>
            <line number="288" hits="1" branch="false"/>
            <line number="290" hits="0" branch="true" condition-coverage="0% (0/4)"/>
            <line number="291" hits="0" branch="false"/>
            <line number="296" hits="1" branch="false"/>
            <line number="297" hits="1" branch="false"/>
            <line number="298" hits="1" branch="false"/>
            <line number="300" hits="0" branch="true" condition-coverage="0% (0/4)"/>
            <line number="301" hits="0" branch="false"/>
            <line number="306" hits="1" branch="false"/>
            <line number="307" hits="1" branch="false"/>
            <line number="308" hits="1" branch="false"/>
            <line number="310" hits="0" branch="true" condition-coverage="0% (0/4)"/>
            <line number="311" hits="0" branch="false"/>
            <line number="316" hits="1" branch="false"/>
            <line number="317" hits="1" branch="false"/>
            <line number="318" hits="1" branch="false"/>
            <line number="319" hits="1" branch="false"/>
            <line number="321" hits="0" branch="true" condition-coverage="0% (0/4)"/>
            <line number="322" hits="0" branch="false"/>
            <line number="330" hits="1" branch="false"/>
            <line number="331" hits="1" branch="false"/>
            <line number="332" hits="1" branch="false"/>
            <line number="334" hits="0" branch="true" condition-coverage="0% (0/4)"/>
            <line number="335" hits="0" branch="false"/>
            <line number="342" hits="1" branch="false"/>
            <line number="343" hits="1" branch="false"/>
            <line number="344" hits="1" branch="false"/>
            <line number="345" hits="1" branch="false"/>
            <line number="347" hits="0" branch="true" condition-coverage="0% (0/4)"/>
            <line number="348" hits="0" branch="false"/>
            <line number="353" hits="1" branch="false"/>
            <line number="354" hits="1" branch="false"/>
            <line number="355" hits="1" branch="false"/>
            <line number="357" hits="0" branch="true" condition-coverage="0% (0/4)"/>
            <line number="358" hits="0" branch="false"/>
            <line number="363" hits="1" branch="false"/>
            <line number="364" hits="0" branch="false"/>
            <line number="365" hits="0" branch="false"/>
            <line number="367" hits="0" branch="true" condition-coverage="0% (0/4)"/>
            <line number="368" hits="0" branch="false"/>
            <line number="372" hits="1" branch="false"/>
          </lines>
        </class>
        <class name="config.service.ts" filename="src\app\_core\services\config.service.ts" line-rate="1" branch-rate="1">
          <methods>
            <method name="(anonymous_2)" hits="1" signature="()V">
              <lines>
                <line number="10" hits="1"/>
              </lines>
            </method>
            <method name="ConfigService" hits="15" signature="()V">
              <lines>
                <line number="11" hits="15"/>
              </lines>
            </method>
            <method name="(anonymous_4)" hits="1" signature="()V">
              <lines>
                <line number="20" hits="1"/>
              </lines>
            </method>
            <method name="(anonymous_5)" hits="20" signature="()V">
              <lines>
                <line number="24" hits="20"/>
              </lines>
            </method>
          </methods>
          <lines>
            <line number="1" hits="1" branch="false"/>
            <line number="2" hits="1" branch="false"/>
            <line number="3" hits="1" branch="false"/>
            <line number="5" hits="1" branch="false"/>
            <line number="6" hits="1" branch="false"/>
            <line number="7" hits="1" branch="false"/>
            <line number="10" hits="1" branch="false"/>
            <line number="12" hits="15" branch="false"/>
            <line number="13" hits="15" branch="false"/>
            <line number="14" hits="15" branch="false"/>
            <line number="15" hits="15" branch="false"/>
            <line number="16" hits="15" branch="false"/>
            <line number="17" hits="15" branch="false"/>
            <line number="20" hits="1" branch="false"/>
            <line number="21" hits="1" branch="false"/>
            <line number="24" hits="1" branch="false"/>
            <line number="25" hits="20" branch="false"/>
            <line number="26" hits="20" branch="false"/>
            <line number="28" hits="20" branch="false"/>
            <line number="31" hits="20" branch="false"/>
            <line number="33" hits="1" branch="false"/>
          </lines>
        </class>
        <class name="logging.service.ts" filename="src\app\_core\services\logging.service.ts" line-rate="0.75" branch-rate="1">
          <methods>
            <method name="(anonymous_2)" hits="1" signature="()V">
              <lines>
                <line number="13" hits="1"/>
              </lines>
            </method>
            <method name="LoggingService" hits="176" signature="()V">
              <lines>
                <line number="14" hits="176"/>
              </lines>
            </method>
            <method name="(anonymous_4)" hits="0" signature="()V">
              <lines>
                <line number="16" hits="0"/>
              </lines>
            </method>
            <method name="(anonymous_5)" hits="0" signature="()V">
              <lines>
                <line number="20" hits="0"/>
              </lines>
            </method>
            <method name="(anonymous_6)" hits="0" signature="()V">
              <lines>
                <line number="24" hits="0"/>
              </lines>
            </method>
            <method name="(anonymous_7)" hits="16" signature="()V">
              <lines>
                <line number="28" hits="16"/>
              </lines>
            </method>
            <method name="(anonymous_8)" hits="0" signature="()V">
              <lines>
                <line number="32" hits="0"/>
              </lines>
            </method>
          </methods>
          <lines>
            <line number="1" hits="1" branch="false"/>
            <line number="2" hits="1" branch="false"/>
            <line number="4" hits="1" branch="false"/>
            <line number="13" hits="1" branch="false"/>
            <line number="14" hits="176" branch="false"/>
            <line number="16" hits="1" branch="false"/>
            <line number="17" hits="0" branch="false"/>
            <line number="20" hits="1" branch="false"/>
            <line number="21" hits="0" branch="false"/>
            <line number="24" hits="1" branch="false"/>
            <line number="25" hits="0" branch="false"/>
            <line number="28" hits="1" branch="false"/>
            <line number="29" hits="16" branch="false"/>
            <line number="32" hits="1" branch="false"/>
            <line number="33" hits="0" branch="false"/>
            <line number="35" hits="1" branch="false"/>
          </lines>
        </class>
        <class name="moment.service.ts" filename="src\app\_core\services\moment.service.ts" line-rate="1" branch-rate="1">
          <methods>
            <method name="(anonymous_2)" hits="1" signature="()V">
              <lines>
                <line number="12" hits="1"/>
              </lines>
            </method>
            <method name="MomentService" hits="100" signature="()V">
              <lines>
                <line number="14" hits="100"/>
              </lines>
            </method>
          </methods>
          <lines>
            <line number="1" hits="1" branch="false"/>
            <line number="2" hits="1" branch="false"/>
            <line number="12" hits="1" branch="false"/>
            <line number="13" hits="100" branch="false"/>
            <line number="16" hits="100" branch="false"/>
            <line number="25" hits="100" branch="false"/>
            <line number="34" hits="100" branch="false"/>
            <line number="43" hits="100" branch="false"/>
            <line number="52" hits="100" branch="false"/>
            <line number="61" hits="100" branch="false"/>
            <line number="70" hits="100" branch="false"/>
            <line number="79" hits="100" branch="false"/>
            <line number="88" hits="100" branch="false"/>
            <line number="97" hits="100" branch="false"/>
            <line number="106" hits="100" branch="false"/>
            <line number="115" hits="1" branch="false"/>
          </lines>
        </class>
        <class name="window-ref.service.ts" filename="src\app\_core\services\window-ref.service.ts" line-rate="1" branch-rate="1">
          <methods>
            <method name="_window" hits="77" signature="()V">
              <lines>
                <line number="3" hits="77"/>
              </lines>
            </method>
            <method name="(anonymous_2)" hits="1" signature="()V">
              <lines>
                <line number="8" hits="1"/>
              </lines>
            </method>
            <method name="WindowRefService" hits="77" signature="()V">
              <lines>
                <line number="7" hits="77"/>
              </lines>
            </method>
          </methods>
          <lines>
            <line number="1" hits="1" branch="false"/>
            <line number="4" hits="77" branch="false"/>
            <line number="8" hits="1" branch="false"/>
            <line number="9" hits="77" branch="false"/>
            <line number="10" hits="1" branch="false"/>
          </lines>
        </class>
      </classes>
    </package>
    <package name="src.app._core.services.testing" line-rate="1" branch-rate="1">
      <classes>
        <class name="backend-communication.service.mock.ts" filename="src\app\_core\services\testing\backend-communication.service.mock.ts" line-rate="1" branch-rate="1">
          <methods>
            <method name="(anonymous_0)" hits="308" signature="()V">
              <lines>
                <line number="1" hits="308"/>
              </lines>
            </method>
            <method name="(anonymous_2)" hits="0" signature="()V">
              <lines>
                <line number="2" hits="0"/>
              </lines>
            </method>
            <method name="(anonymous_3)" hits="16" signature="()V">
              <lines>
                <line number="3" hits="16"/>
              </lines>
            </method>
            <method name="(anonymous_4)" hits="0" signature="()V">
              <lines>
                <line number="4" hits="0"/>
              </lines>
            </method>
            <method name="(anonymous_5)" hits="0" signature="()V">
              <lines>
                <line number="5" hits="0"/>
              </lines>
            </method>
            <method name="(anonymous_6)" hits="0" signature="()V">
              <lines>
                <line number="6" hits="0"/>
              </lines>
            </method>
            <method name="(anonymous_7)" hits="0" signature="()V">
              <lines>
                <line number="7" hits="0"/>
              </lines>
            </method>
            <method name="(anonymous_8)" hits="2" signature="()V">
              <lines>
                <line number="8" hits="2"/>
              </lines>
            </method>
            <method name="(anonymous_9)" hits="4" signature="()V">
              <lines>
                <line number="9" hits="4"/>
              </lines>
            </method>
            <method name="(anonymous_10)" hits="0" signature="()V">
              <lines>
                <line number="10" hits="0"/>
              </lines>
            </method>
            <method name="(anonymous_11)" hits="1" signature="()V">
              <lines>
                <line number="11" hits="1"/>
              </lines>
            </method>
            <method name="(anonymous_12)" hits="11" signature="()V">
              <lines>
                <line number="12" hits="11"/>
              </lines>
            </method>
            <method name="(anonymous_13)" hits="0" signature="()V">
              <lines>
                <line number="13" hits="0"/>
              </lines>
            </method>
            <method name="(anonymous_14)" hits="1" signature="()V">
              <lines>
                <line number="14" hits="1"/>
              </lines>
            </method>
            <method name="(anonymous_15)" hits="0" signature="()V">
              <lines>
                <line number="15" hits="0"/>
              </lines>
            </method>
            <method name="(anonymous_16)" hits="0" signature="()V">
              <lines>
                <line number="16" hits="0"/>
              </lines>
            </method>
            <method name="(anonymous_17)" hits="0" signature="()V">
              <lines>
                <line number="17" hits="0"/>
              </lines>
            </method>
            <method name="(anonymous_18)" hits="0" signature="()V">
              <lines>
                <line number="18" hits="0"/>
              </lines>
            </method>
            <method name="(anonymous_19)" hits="16" signature="()V">
              <lines>
                <line number="19" hits="16"/>
              </lines>
            </method>
            <method name="(anonymous_20)" hits="0" signature="()V">
              <lines>
                <line number="20" hits="0"/>
              </lines>
            </method>
            <method name="(anonymous_21)" hits="4" signature="()V">
              <lines>
                <line number="21" hits="4"/>
              </lines>
            </method>
            <method name="(anonymous_22)" hits="0" signature="()V">
              <lines>
                <line number="22" hits="0"/>
              </lines>
            </method>
            <method name="(anonymous_23)" hits="1" signature="()V">
              <lines>
                <line number="23" hits="1"/>
              </lines>
            </method>
            <method name="(anonymous_24)" hits="0" signature="()V">
              <lines>
                <line number="24" hits="0"/>
              </lines>
            </method>
            <method name="(anonymous_25)" hits="1" signature="()V">
              <lines>
                <line number="25" hits="1"/>
              </lines>
            </method>
          </methods>
          <lines>
            <line number="1" hits="1" branch="false"/>
            <line number="2" hits="1" branch="false"/>
            <line number="3" hits="1" branch="false"/>
            <line number="4" hits="1" branch="false"/>
            <line number="5" hits="1" branch="false"/>
            <line number="6" hits="1" branch="false"/>
            <line number="7" hits="1" branch="false"/>
            <line number="8" hits="1" branch="false"/>
            <line number="9" hits="1" branch="false"/>
            <line number="10" hits="1" branch="false"/>
            <line number="11" hits="1" branch="false"/>
            <line number="12" hits="1" branch="false"/>
            <line number="13" hits="1" branch="false"/>
            <line number="14" hits="1" branch="false"/>
            <line number="15" hits="1" branch="false"/>
            <line number="16" hits="1" branch="false"/>
            <line number="17" hits="1" branch="false"/>
            <line number="18" hits="1" branch="false"/>
            <line number="19" hits="1" branch="false"/>
            <line number="20" hits="1" branch="false"/>
            <line number="21" hits="1" branch="false"/>
            <line number="22" hits="1" branch="false"/>
            <line number="23" hits="1" branch="false"/>
            <line number="24" hits="1" branch="false"/>
            <line number="25" hits="1" branch="false"/>
            <line number="26" hits="1" branch="false"/>
          </lines>
        </class>
        <class name="config.service.mock.ts" filename="src\app\_core\services\testing\config.service.mock.ts" line-rate="1" branch-rate="1">
          <methods>
            <method name="(anonymous_0)" hits="17" signature="()V">
              <lines>
                <line number="1" hits="17"/>
              </lines>
            </method>
            <method name="(anonymous_2)" hits="13" signature="()V">
              <lines>
                <line number="2" hits="13"/>
              </lines>
            </method>
            <method name="(anonymous_3)" hits="2" signature="()V">
              <lines>
                <line number="3" hits="2"/>
              </lines>
            </method>
          </methods>
          <lines>
            <line number="1" hits="1" branch="false"/>
            <line number="2" hits="1" branch="false"/>
            <line number="3" hits="1" branch="false"/>
            <line number="4" hits="1" branch="false"/>
          </lines>
        </class>
        <class name="logging.service.mock.ts" filename="src\app\_core\services\testing\logging.service.mock.ts" line-rate="1" branch-rate="1">
          <methods>
            <method name="(anonymous_5)" hits="126" signature="()V">
              <lines>
                <line number="3" hits="126"/>
              </lines>
            </method>
            <method name="(anonymous_7)" hits="0" signature="()V">
              <lines>
                <line number="4" hits="0"/>
              </lines>
            </method>
            <method name="(anonymous_8)" hits="4" signature="()V">
              <lines>
                <line number="6" hits="4"/>
              </lines>
            </method>
            <method name="(anonymous_9)" hits="1" signature="()V">
              <lines>
                <line number="8" hits="1"/>
              </lines>
            </method>
            <method name="(anonymous_10)" hits="0" signature="()V">
              <lines>
                <line number="10" hits="0"/>
              </lines>
            </method>
            <method name="(anonymous_11)" hits="0" signature="()V">
              <lines>
                <line number="12" hits="0"/>
              </lines>
            </method>
          </methods>
          <lines>
            <line number="1" hits="1" branch="false"/>
            <line number="3" hits="1" branch="false"/>
            <line number="4" hits="1" branch="false"/>
            <line number="6" hits="1" branch="false"/>
            <line number="8" hits="1" branch="false"/>
            <line number="10" hits="1" branch="false"/>
            <line number="12" hits="1" branch="false"/>
            <line number="13" hits="1" branch="false"/>
          </lines>
        </class>
        <class name="window-ref.service.mock.ts" filename="src\app\_core\services\testing\window-ref.service.mock.ts" line-rate="1" branch-rate="1">
          <methods>
            <method name="(anonymous_0)" hits="1" signature="()V">
              <lines>
                <line number="1" hits="1"/>
              </lines>
            </method>
            <method name="WindowRefServiceMock" hits="67" signature="()V">
              <lines>
                <line number="3" hits="67"/>
              </lines>
            </method>
            <method name="(anonymous_2)" hits="0" signature="()V">
              <lines>
                <line number="9" hits="0"/>
              </lines>
            </method>
            <method name="(anonymous_3)" hits="0" signature="()V">
              <lines>
                <line number="10" hits="0"/>
              </lines>
            </method>
            <method name="(anonymous_4)" hits="0" signature="()V">
              <lines>
                <line number="11" hits="0"/>
              </lines>
            </method>
            <method name="(anonymous_5)" hits="0" signature="()V">
              <lines>
                <line number="12" hits="0"/>
              </lines>
            </method>
            <method name="(anonymous_6)" hits="0" signature="()V">
              <lines>
                <line number="13" hits="0"/>
              </lines>
            </method>
            <method name="(anonymous_7)" hits="0" signature="()V">
              <lines>
                <line number="14" hits="0"/>
              </lines>
            </method>
            <method name="(anonymous_8)" hits="0" signature="()V">
              <lines>
                <line number="15" hits="0"/>
              </lines>
            </method>
            <method name="(anonymous_9)" hits="0" signature="()V">
              <lines>
                <line number="16" hits="0"/>
              </lines>
            </method>
            <method name="(anonymous_10)" hits="0" signature="()V">
              <lines>
                <line number="17" hits="0"/>
              </lines>
            </method>
            <method name="(anonymous_11)" hits="0" signature="()V">
              <lines>
                <line number="18" hits="0"/>
              </lines>
            </method>
            <method name="(anonymous_12)" hits="0" signature="()V">
              <lines>
                <line number="19" hits="0"/>
              </lines>
            </method>
            <method name="(anonymous_13)" hits="0" signature="()V">
              <lines>
                <line number="20" hits="0"/>
              </lines>
            </method>
            <method name="(anonymous_14)" hits="0" signature="()V">
              <lines>
                <line number="21" hits="0"/>
              </lines>
            </method>
            <method name="(anonymous_15)" hits="0" signature="()V">
              <lines>
                <line number="22" hits="0"/>
              </lines>
            </method>
            <method name="(anonymous_16)" hits="0" signature="()V">
              <lines>
                <line number="23" hits="0"/>
              </lines>
            </method>
            <method name="(anonymous_17)" hits="0" signature="()V">
              <lines>
                <line number="24" hits="0"/>
              </lines>
            </method>
            <method name="(anonymous_18)" hits="4" signature="()V">
              <lines>
                <line number="25" hits="4"/>
              </lines>
            </method>
            <method name="(anonymous_19)" hits="0" signature="()V">
              <lines>
                <line number="26" hits="0"/>
              </lines>
            </method>
            <method name="(anonymous_20)" hits="0" signature="()V">
              <lines>
                <line number="27" hits="0"/>
              </lines>
            </method>
            <method name="(anonymous_21)" hits="0" signature="()V">
              <lines>
                <line number="28" hits="0"/>
              </lines>
            </method>
            <method name="(anonymous_22)" hits="0" signature="()V">
              <lines>
                <line number="29" hits="0"/>
              </lines>
            </method>
            <method name="(anonymous_23)" hits="0" signature="()V">
              <lines>
                <line number="30" hits="0"/>
              </lines>
            </method>
            <method name="(anonymous_24)" hits="0" signature="()V">
              <lines>
                <line number="31" hits="0"/>
              </lines>
            </method>
            <method name="(anonymous_25)" hits="0" signature="()V">
              <lines>
                <line number="32" hits="0"/>
              </lines>
            </method>
            <method name="(anonymous_26)" hits="0" signature="()V">
              <lines>
                <line number="33" hits="0"/>
              </lines>
            </method>
            <method name="(anonymous_27)" hits="0" signature="()V">
              <lines>
                <line number="34" hits="0"/>
              </lines>
            </method>
          </methods>
          <lines>
            <line number="1" hits="1" branch="false"/>
            <line number="4" hits="67" branch="false"/>
            <line number="38" hits="1" branch="false"/>
          </lines>
        </class>
      </classes>
    </package>
    <package name="src.app._core.testing" line-rate="1" branch-rate="1">
      <classes>
        <class name="core.module.mock.ts" filename="src\app\_core\testing\core.module.mock.ts" line-rate="1" branch-rate="1">
          <methods>
            <method name="(anonymous_1)" hits="358" signature="()V">
              <lines>
                <line number="26" hits="358"/>
              </lines>
            </method>
          </methods>
          <lines>
            <line number="1" hits="1" branch="false"/>
            <line number="2" hits="1" branch="false"/>
            <line number="3" hits="1" branch="false"/>
            <line number="4" hits="1" branch="false"/>
            <line number="5" hits="1" branch="false"/>
            <line number="6" hits="1" branch="false"/>
            <line number="7" hits="1" branch="false"/>
            <line number="8" hits="1" branch="false"/>
            <line number="9" hits="1" branch="false"/>
            <line number="10" hits="1" branch="false"/>
            <line number="11" hits="1" branch="false"/>
            <line number="12" hits="1" branch="false"/>
            <line number="13" hits="1" branch="false"/>
            <line number="26" hits="1" branch="false"/>
          </lines>
        </class>
      </classes>
    </package>
    <package name="src.app.activation" line-rate="0.9231" branch-rate="0.7143">
      <classes>
        <class name="activation.component.ts" filename="src\app\activation\activation.component.ts" line-rate="0.9231" branch-rate="0.8">
          <methods>
            <method name="(anonymous_2)" hits="1" signature="()V">
              <lines>
                <line number="25" hits="1"/>
              </lines>
            </method>
            <method name="ActivationComponent" hits="8" signature="()V">
              <lines>
                <line number="27" hits="8"/>
              </lines>
            </method>
            <method name="(anonymous_4)" hits="8" signature="()V">
              <lines>
                <line number="29" hits="8"/>
              </lines>
            </method>
            <method name="(anonymous_5)" hits="5" signature="()V">
              <lines>
                <line number="37" hits="5"/>
              </lines>
            </method>
            <method name="(anonymous_6)" hits="4" signature="()V">
              <lines>
                <line number="40" hits="4"/>
              </lines>
            </method>
            <method name="(anonymous_7)" hits="9" signature="()V">
              <lines>
                <line number="60" hits="9"/>
              </lines>
            </method>
          </methods>
          <lines>
            <line number="1" hits="1" branch="false"/>
            <line number="2" hits="1" branch="false"/>
            <line number="4" hits="1" branch="false"/>
            <line number="10" hits="1" branch="false"/>
            <line number="11" hits="1" branch="false"/>
            <line number="12" hits="1" branch="false"/>
            <line number="25" hits="1" branch="false"/>
            <line number="27" hits="8" branch="false"/>
            <line number="29" hits="8" branch="false"/>
            <line number="30" hits="8" branch="false"/>
            <line number="31" hits="8" branch="false"/>
            <line number="32" hits="8" branch="false"/>
            <line number="37" hits="5" branch="false"/>
            <line number="41" hits="4" branch="false"/>
            <line number="43" hits="1" branch="false"/>
            <line number="44" hits="1" branch="false"/>
            <line number="46" hits="1" branch="false"/>
            <line number="47" hits="1" branch="false"/>
            <line number="49" hits="1" branch="false"/>
            <line number="50" hits="1" branch="false"/>
            <line number="52" hits="0" branch="false"/>
            <line number="53" hits="0" branch="false"/>
            <line number="55" hits="1" branch="false"/>
            <line number="60" hits="1" branch="false"/>
            <line number="61" hits="9" branch="false"/>
            <line number="63" hits="1" branch="false"/>
          </lines>
        </class>
        <class name="cancel-activation.service.ts" filename="src\app\activation\cancel-activation.service.ts" line-rate="0.9231" branch-rate="0.5">
          <methods>
            <method name="(anonymous_2)" hits="1" signature="()V">
              <lines>
                <line number="7" hits="1"/>
              </lines>
            </method>
            <method name="CancelActivationService" hits="57" signature="()V">
              <lines>
                <line number="10" hits="57"/>
              </lines>
            </method>
            <method name="(anonymous_4)" hits="2" signature="()V">
              <lines>
                <line number="12" hits="2"/>
              </lines>
            </method>
            <method name="(anonymous_5)" hits="1" signature="()V">
              <lines>
                <line number="15" hits="1"/>
              </lines>
            </method>
            <method name="(anonymous_6)" hits="0" signature="()V">
              <lines>
                <line number="19" hits="0"/>
              </lines>
            </method>
          </methods>
          <lines>
            <line number="1" hits="1" branch="false"/>
            <line number="2" hits="1" branch="false"/>
            <line number="3" hits="1" branch="false"/>
            <line number="4" hits="1" branch="false"/>
            <line number="7" hits="1" branch="false"/>
            <line number="10" hits="57" branch="false"/>
            <line number="12" hits="2" branch="false"/>
            <line number="13" hits="2" branch="true" condition-coverage="50% (1/2)"/>
            <line number="14" hits="2" branch="false"/>
            <line number="16" hits="1" branch="false"/>
            <line number="17" hits="1" branch="false"/>
            <line number="20" hits="0" branch="false"/>
            <line number="25" hits="1" branch="false"/>
          </lines>
        </class>
      </classes>
    </package>
    <package name="src.app.activation.activation-create-passphrase" line-rate="0.902" branch-rate="0.75">
      <classes>
        <class name="activation-create-passphrase.component.ts" filename="src\app\activation\activation-create-passphrase\activation-create-passphrase.component.ts" line-rate="0.902" branch-rate="0.75">
          <methods>
            <method name="(anonymous_2)" hits="1" signature="()V">
              <lines>
                <line number="73" hits="1"/>
              </lines>
            </method>
            <method name="ActivationCreatePassphraseComponent" hits="12" signature="()V">
              <lines>
                <line number="78" hits="12"/>
              </lines>
            </method>
            <method name="(anonymous_4)" hits="12" signature="()V">
              <lines>
                <line number="85" hits="12"/>
              </lines>
            </method>
            <method name="(anonymous_5)" hits="0" signature="()V">
              <lines>
                <line number="95" hits="0"/>
              </lines>
            </method>
            <method name="(anonymous_6)" hits="0" signature="()V">
              <lines>
                <line number="96" hits="0"/>
              </lines>
            </method>
            <method name="(anonymous_7)" hits="0" signature="()V">
              <lines>
[...]
              </lines>
            </method>
            <method name="(anonymous_7)" hits="30" signature="()V">
              <lines>
                <line number="97" hits="30"/>
              </lines>
            </method>
            <method name="(anonymous_8)" hits="0" signature="()V">
              <lines>
                <line number="105" hits="0"/>
              </lines>
            </method>
            <method name="(anonymous_9)" hits="31" signature="()V">
              <lines>
                <line number="111" hits="31"/>
              </lines>
            </method>
            <method name="(anonymous_10)" hits="15" signature="()V">
              <lines>
                <line number="115" hits="15"/>
              </lines>
            </method>
            <method name="(anonymous_11)" hits="39" signature="()V">
              <lines>
                <line number="147" hits="39"/>
              </lines>
            </method>
            <method name="(anonymous_12)" hits="32" signature="()V">
              <lines>
                <line number="149" hits="32"/>
              </lines>
            </method>
            <method name="(anonymous_13)" hits="189" signature="()V">
              <lines>
                <line number="154" hits="189"/>
              </lines>
            </method>
            <method name="(anonymous_14)" hits="1" signature="()V">
              <lines>
                <line number="166" hits="1"/>
              </lines>
            </method>
            <method name="(anonymous_15)" hits="1" signature="()V">
              <lines>
                <line number="170" hits="1"/>
              </lines>
            </method>
            <method name="(anonymous_16)" hits="31" signature="()V">
              <lines>
                <line number="179" hits="31"/>
              </lines>
            </method>
            <method name="(anonymous_17)" hits="185" signature="()V">
              <lines>
                <line number="183" hits="185"/>
              </lines>
            </method>
            <method name="(anonymous_18)" hits="185" signature="()V">
              <lines>
                <line number="187" hits="185"/>
              </lines>
            </method>
            <method name="(anonymous_19)" hits="34" signature="()V">
              <lines>
                <line number="191" hits="34"/>
              </lines>
            </method>
            <method name="(anonymous_20)" hits="47" signature="()V">
              <lines>
                <line number="195" hits="47"/>
              </lines>
            </method>
            <method name="(anonymous_21)" hits="3" signature="()V">
              <lines>
                <line number="207" hits="3"/>
              </lines>
            </method>
            <method name="(anonymous_22)" hits="2" signature="()V">
              <lines>
                <line number="216" hits="2"/>
              </lines>
            </method>
          </methods>
          <lines>
            <line number="1" hits="1" branch="false"/>
            <line number="2" hits="1" branch="false"/>
            <line number="3" hits="1" branch="false"/>
            <line number="4" hits="1" branch="false"/>
            <line number="5" hits="1" branch="false"/>
            <line number="6" hits="1" branch="false"/>
            <line number="7" hits="1" branch="false"/>
            <line number="9" hits="1" branch="false"/>
            <line number="11" hits="1" branch="false"/>
            <line number="33" hits="1" branch="false"/>
            <line number="34" hits="1" branch="false"/>
            <line number="35" hits="31" branch="false"/>
            <line number="36" hits="31" branch="false"/>
            <line number="41" hits="31" branch="false"/>
            <line number="42" hits="31" branch="false"/>
            <line number="43" hits="31" branch="false"/>
            <line number="46" hits="1" branch="false"/>
            <line number="47" hits="31" branch="false"/>
            <line number="57" hits="1" branch="false"/>
            <line number="58" hits="384" branch="false"/>
            <line number="60" hits="384" branch="true" condition-coverage="100% (5/5)"/>
            <line number="61" hits="270" branch="false"/>
            <line number="63" hits="114" branch="false"/>
            <line number="66" hits="1" branch="false"/>
            <line number="67" hits="368" branch="false"/>
            <line number="68" hits="368" branch="false"/>
            <line number="70" hits="368" branch="true" condition-coverage="100% (2/2)"/>
            <line number="76" hits="130" branch="false"/>
            <line number="77" hits="130" branch="false"/>
            <line number="80" hits="130" branch="true" condition-coverage="100% (4/4)"/>
            <line number="81" hits="2" branch="false"/>
            <line number="83" hits="130" branch="true" condition-coverage="100% (4/4)"/>
            <line number="84" hits="1" branch="false"/>
            <line number="87" hits="130" branch="false"/>
            <line number="88" hits="130" branch="false"/>
            <line number="90" hits="130" branch="true" condition-coverage="100% (4/4)"/>
            <line number="91" hits="62" branch="false"/>
            <line number="94" hits="306" branch="false"/>
            <line number="97" hits="1" branch="false"/>
            <line number="98" hits="30" branch="false"/>
            <line number="99" hits="30" branch="false"/>
            <line number="105" hits="1" branch="false"/>
            <line number="106" hits="0" branch="false"/>
            <line number="111" hits="31" branch="false"/>
            <line number="112" hits="31" branch="false"/>
            <line number="116" hits="15" branch="false"/>
            <line number="117" hits="15" branch="false"/>
            <line number="120" hits="15" branch="false"/>
            <line number="124" hits="15" branch="true" condition-coverage="100% (4/4)"/>
            <line number="125" hits="1" branch="false"/>
            <line number="127" hits="15" branch="true" condition-coverage="100% (2/2)"/>
            <line number="129" hits="15" branch="false"/>
            <line number="135" hits="15" branch="false"/>
            <line number="137" hits="15" branch="true" condition-coverage="100% (2/2)"/>
            <line number="138" hits="13" branch="false"/>
            <line number="140" hits="2" branch="false"/>
            <line number="144" hits="31" branch="false"/>
            <line number="147" hits="39" branch="true" condition-coverage="100% (2/2)"/>
            <line number="150" hits="32" branch="false"/>
            <line number="154" hits="31" branch="false"/>
            <line number="155" hits="189" branch="true" condition-coverage="100% (2/2)"/>
            <line number="161" hits="17" branch="false"/>
            <line number="162" hits="17" branch="false"/>
            <line number="165" hits="17" branch="false"/>
            <line number="167" hits="1" branch="false"/>
            <line number="168" hits="1" branch="false"/>
            <line number="171" hits="1" branch="false"/>
            <line number="172" hits="1" branch="false"/>
            <line number="179" hits="1" branch="false"/>
            <line number="180" hits="31" branch="false"/>
            <line number="183" hits="1" branch="false"/>
            <line number="184" hits="185" branch="false"/>
            <line number="187" hits="1" branch="false"/>
            <line number="188" hits="185" branch="false"/>
            <line number="191" hits="1" branch="false"/>
            <line number="192" hits="34" branch="false"/>
            <line number="195" hits="1" branch="false"/>
            <line number="196" hits="47" branch="true" condition-coverage="100% (2/2)"/>
            <line number="197" hits="34" branch="false"/>
            <line number="198" hits="34" branch="false"/>
            <line number="199" hits="34" branch="false"/>
            <line number="201" hits="13" branch="false"/>
            <line number="202" hits="13" branch="false"/>
            <line number="203" hits="13" branch="false"/>
            <line number="207" hits="1" branch="false"/>
            <line number="209" hits="3" branch="false"/>
            <line number="210" hits="3" branch="false"/>
            <line number="216" hits="1" branch="false"/>
            <line number="217" hits="2" branch="false"/>
            <line number="218" hits="2" branch="false"/>
            <line number="222" hits="1" branch="false"/>
          </lines>
        </class>
      </classes>
    </package>
    <package name="src.app.settings.network-utilization" line-rate="1" branch-rate="0.5">
      <classes>
        <class name="network-utilization.component.ts" filename="src\app\settings\network-utilization\network-utilization.component.ts" line-rate="1" branch-rate="0.5">
          <methods>
            <method name="(anonymous_2)" hits="1" signature="()V">
              <lines>
                <line number="31" hits="1"/>
              </lines>
            </method>
            <method name="NetworkUtilizationComponent" hits="6" signature="()V">
              <lines>
                <line number="39" hits="6"/>
              </lines>
            </method>
            <method name="(anonymous_4)" hits="6" signature="()V">
              <lines>
                <line number="41" hits="6"/>
              </lines>
            </method>
            <method name="(anonymous_5)" hits="6" signature="()V">
              <lines>
                <line number="47" hits="6"/>
              </lines>
            </method>
            <method name="(anonymous_6)" hits="6" signature="()V">
              <lines>
                <line number="48" hits="6"/>
              </lines>
            </method>
            <method name="(anonymous_7)" hits="6" signature="()V">
              <lines>
                <line number="60" hits="6"/>
              </lines>
            </method>
          </methods>
          <lines>
            <line number="1" hits="1" branch="false"/>
            <line number="2" hits="1" branch="false"/>
            <line number="4" hits="1" branch="false"/>
            <line number="5" hits="1" branch="false"/>
            <line number="6" hits="1" branch="false"/>
            <line number="31" hits="1" branch="false"/>
            <line number="32" hits="1" branch="false"/>
            <line number="34" hits="6" branch="false"/>
            <line number="37" hits="1" branch="false"/>
            <line number="41" hits="1" branch="false"/>
            <line number="42" hits="6" branch="false"/>
            <line number="47" hits="6" branch="false"/>
            <line number="48" hits="6" branch="false"/>
            <line number="49" hits="6" branch="true" condition-coverage="50% (1/2)"/>
            <line number="50" hits="6" branch="false"/>
            <line number="60" hits="1" branch="false"/>
            <line number="61" hits="6" branch="false"/>
            <line number="63" hits="1" branch="false"/>
          </lines>
        </class>
      </classes>
    </package>
    <package name="src.app.settings.scan-frequency" line-rate="0.6341" branch-rate="0">
      <classes>
        <class name="scan-frequency.component.ts" filename="src\app\settings\scan-frequency\scan-frequency.component.ts" line-rate="1" branch-rate="1">
          <methods>
            <method name="(anonymous_2)" hits="1" signature="()V">
              <lines>
                <line number="22" hits="1"/>
              </lines>
            </method>
            <method name="ScanFrequencyComponent" hits="6" signature="()V">
              <lines>
                <line number="34" hits="6"/>
              </lines>
            </method>
            <method name="(anonymous_4)" hits="6" signature="()V">
              <lines>
                <line number="36" hits="6"/>
              </lines>
            </method>
            <method name="(anonymous_5)" hits="6" signature="()V">
              <lines>
                <line number="42" hits="6"/>
              </lines>
            </method>
            <method name="(anonymous_6)" hits="6" signature="()V">
              <lines>
                <line number="45" hits="6"/>
              </lines>
            </method>
          </methods>
          <lines>
            <line number="1" hits="1" branch="false"/>
            <line number="2" hits="1" branch="false"/>
            <line number="3" hits="1" branch="false"/>
            <line number="5" hits="1" branch="false"/>
            <line number="6" hits="1" branch="false"/>
            <line number="22" hits="1" branch="false"/>
            <line number="23" hits="1" branch="false"/>
            <line number="25" hits="1" branch="false"/>
            <line number="27" hits="1" branch="false"/>
            <line number="29" hits="1" branch="false"/>
            <line number="31" hits="1" branch="false"/>
            <line number="32" hits="6" branch="false"/>
            <line number="34" hits="6" branch="false"/>
            <line number="36" hits="1" branch="false"/>
            <line number="37" hits="6" branch="false"/>
            <line number="42" hits="6" branch="false"/>
            <line number="43" hits="6" branch="false"/>
            <line number="46" hits="6" branch="false"/>
            <line number="52" hits="1" branch="false"/>
          </lines>
        </class>
        <class name="scan-frequency.pipe.ts" filename="src\app\settings\scan-frequency\scan-frequency.pipe.ts" line-rate="0.3182" branch-rate="0">
          <methods>
            <method name="(anonymous_2)" hits="1" signature="()V">
              <lines>
                <line number="8" hits="1"/>
              </lines>
            </method>
            <method name="ScanFrequencyPipe" hits="7" signature="()V">
              <lines>
                <line number="9" hits="7"/>
              </lines>
            </method>
            <method name="(anonymous_4)" hits="0" signature="()V">
              <lines>
                <line number="10" hits="0"/>
              </lines>
            </method>
          </methods>
          <lines>
            <line number="1" hits="1" branch="false"/>
            <line number="2" hits="1" branch="false"/>
            <line number="3" hits="1" branch="false"/>
            <line number="8" hits="1" branch="false"/>
            <line number="9" hits="7" branch="false"/>
            <line number="10" hits="1" branch="false"/>
            <line number="13" hits="0" branch="true" condition-coverage="0% (0/2)"/>
            <line number="15" hits="0" branch="true" condition-coverage="0% (0/2)"/>
            <line number="16" hits="0" branch="false"/>
            <line number="17" hits="0" branch="false"/>
            <line number="18" hits="0" branch="false"/>
            <line number="20" hits="0" branch="true" condition-coverage="0% (0/2)"/>
            <line number="21" hits="0" branch="false"/>
            <line number="22" hits="0" branch="false"/>
            <line number="23" hits="0" branch="true" condition-coverage="0% (0/2)"/>
            <line number="24" hits="0" branch="false"/>
            <line number="25" hits="0" branch="false"/>
            <line number="27" hits="0" branch="false"/>
            <line number="28" hits="0" branch="false"/>
            <line number="30" hits="0" branch="false"/>
            <line number="32" hits="0" branch="false"/>
            <line number="34" hits="1" branch="false"/>
          </lines>
        </class>
      </classes>
    </package>
    <package name="src.app.settings.settings-proxy-settings" line-rate="0.8571" branch-rate="1">
      <classes>
        <class name="settings-proxy-settings.component.ts" filename="src\app\settings\settings-proxy-settings\settings-proxy-settings.component.ts" line-rate="0.8571" branch-rate="1">
          <methods>
            <method name="(anonymous_2)" hits="1" signature="()V">
              <lines>
                <line number="11" hits="1"/>
              </lines>
            </method>
            <method name="SettingsProxySettingsComponent" hits="1" signature="()V">
              <lines>
                <line number="12" hits="1"/>
              </lines>
            </method>
            <method name="(anonymous_4)" hits="0" signature="()V">
              <lines>
                <line number="14" hits="0"/>
              </lines>
            </method>
          </methods>
          <lines>
            <line number="1" hits="1" branch="false"/>
            <line number="2" hits="1" branch="false"/>
            <line number="11" hits="1" branch="false"/>
            <line number="12" hits="1" branch="false"/>
            <line number="14" hits="1" branch="false"/>
            <line number="15" hits="0" branch="false"/>
            <line number="17" hits="1" branch="false"/>
          </lines>
        </class>
      </classes>
    </package>
    <package name="src.app.testing" line-rate="1" branch-rate="1">
      <classes>
        <class name="test.helpers.ts" filename="src\app\testing\test.helpers.ts" line-rate="1" branch-rate="1">
          <methods>
            <method name="(anonymous_0)" hits="55" signature="()V">
              <lines>
                <line number="1" hits="55"/>
              </lines>
            </method>
            <method name="(anonymous_1)" hits="20" signature="()V">
              <lines>
                <line number="9" hits="20"/>
              </lines>
            </method>
            <method name="(anonymous_2)" hits="3" signature="()V">
              <lines>
                <line number="14" hits="3"/>
              </lines>
            </method>
          </methods>
          <lines>
            <line number="1" hits="1" branch="false"/>
            <line number="2" hits="55" branch="false"/>
            <line number="3" hits="55" branch="false"/>
            <line number="9" hits="1" branch="false"/>
            <line number="10" hits="20" branch="false"/>
            <line number="11" hits="20" branch="false"/>
            <line number="14" hits="1" branch="false"/>
            <line number="15" hits="3" branch="false"/>
            <line number="16" hits="3" branch="false"/>
          </lines>
        </class>
      </classes>
    </package>
    <package name="src.app.warning-modal" line-rate="1" branch-rate="1">
      <classes>
        <class name="warning-modal.component.ts" filename="src\app\warning-modal\warning-modal.component.ts" line-rate="1" branch-rate="1">
          <methods>
            <method name="(anonymous_2)" hits="1" signature="()V">
              <lines>
                <line number="25" hits="1"/>
              </lines>
            </method>
            <method name="WarningModalComponent" hits="1" signature="()V">
              <lines>
                <line number="26" hits="1"/>
              </lines>
            </method>
            <method name="(anonymous_4)" hits="1" signature="()V">
              <lines>
                <line number="28" hits="1"/>
              </lines>
            </method>
          </methods>
          <lines>
            <line number="1" hits="1" branch="false"/>
            <line number="2" hits="1" branch="false"/>
            <line number="25" hits="1" branch="false"/>
            <line number="26" hits="1" branch="false"/>
            <line number="28" hits="1" branch="false"/>
            <line number="29" hits="1" branch="false"/>
          </lines>
        </class>
      </classes>
    </package>
    <package name="src.environments" line-rate="1" branch-rate="1">
      <classes>
        <class name="environment.ts" filename="src\environments\environment.ts" line-rate="1" branch-rate="1">
          <methods>
          </methods>
          <lines>
            <line number="6" hits="1" branch="false"/>
          </lines>
        </class>
      </classes>
    </package>
  </packages>
</coverage>