<?xml version="1.0" encoding="UTF-8"?>
<testsuite xmlns:xsi="http://www.w3.org/2001/XMLSchema-instance" xsi:noNamespaceSchemaLocation="https://maven.apache.org/surefire/maven-surefire-plugin/xsd/surefire-test-report.xsd" name="code.myorg.AppTest" time="0.175" tests="4" errors="0" skipped="0" failures="0">
  <properties>
[...]
</properties>
  <testcase name="shouldAnswerWithTruetest" classname="code.myorg.AppTest" time="0.02"/>
  <testcase name="test1" classname="code.myorg.AppTest" time="0.016"/>
  <testcase name="test2" classname="code.myorg.AppTest" time="0.028"/>
  <testcase name="test3" classname="code.myorg.AppTest" time="0.021"/>
</testsuite>